-------------------------------------------------------------------------------
Test set: TestSuite
-------------------------------------------------------------------------------
Tests run: 2, Failures: 1, Errors: 0, Skipped: 0, Time elapsed: 25.591 s <<< FAILURE! - in TestSuite
runScenario(CucumberOptions.TestNGTestRunner)  Time elapsed: 10.454 s  <<< FAILURE!
java.lang.AssertionError: expected [No data] but found [Beetroot]

