<?xml version="1.0" encoding="UTF-8"?>
<testng-results ignored="0" total="1" passed="0" failed="1" skipped="0">
  <reporter-output>
  </reporter-output>
  <suite started-at="2022-07-15T20:22:28 EDT" name="Default suite" finished-at="2022-07-15T20:22:45 EDT" duration-ms="17046">
    <groups>
      <group name="cucumber">
        <method signature="AbstractTestNGCucumberTests.runScenario(io.cucumber.testng.PickleWrapper, io.cucumber.testng.FeatureWrapper)[pri:0, instance:CucumberOptions.FailedTestCases@40ef3420]" name="runScenario" class="io.cucumber.testng.AbstractTestNGCucumberTests"/>
      </group> <!-- cucumber -->
    </groups>
    <test started-at="2022-07-15T20:22:28 EDT" name="Default test" finished-at="2022-07-15T20:22:45 EDT" duration-ms="17046">
      <class name="CucumberOptions.FailedTestCases">
        <test-method is-config="true" signature="setUpClass(org.testng.ITestContext)[pri:0, instance:CucumberOptions.FailedTestCases@40ef3420]" started-at="2022-07-15T20:22:28 EDT" name="setUpClass" finished-at="2022-07-15T20:22:29 EDT" duration-ms="1361" status="PASS">
          <params>
            <param index="0">
              <value>
                <![CDATA[org.testng.TestRunner@2ff7a73]]>
              </value>
            </param>
          </params>
          <reporter-output>
          </reporter-output>
        </test-method> <!-- setUpClass -->
        <test-method signature="runScenario(io.cucumber.testng.PickleWrapper, io.cucumber.testng.FeatureWrapper)[pri:0, instance:CucumberOptions.FailedTestCases@40ef3420]" started-at="2022-07-15T20:22:29 EDT" name="runScenario" description="Runs Cucumber Scenarios" data-provider="scenarios" finished-at="2022-07-15T20:22:45 EDT" duration-ms="15455" status="FAIL">
          <params>
            <param index="0">
              <value>
                <![CDATA["CheckOut feature must be same for both Home and Offer Page"]]>
              </value>
            </param>
            <param index="1">
              <value>
                <![CDATA["Search and Place order for Product"]]>
              </value>
            </param>
          </params>
          <exception class="java.lang.AssertionError">
            <message>
              <![CDATA[expected [No data] but found [Beetroot]]]>
            </message>
            <full-stacktrace>
              <![CDATA[java.lang.AssertionError: expected [No data] but found [Beetroot]
at org.testng.Assert.fail(Assert.java:97)
at org.testng.Assert.assertEqualsImpl(Assert.java:136)
at org.testng.Assert.assertEquals(Assert.java:118)
at org.testng.Assert.assertEquals(Assert.java:575)
at org.testng.Assert.assertEquals(Assert.java:585)
at stepDefinations.OfferPageStepDefinations.validate_whether_both_product_names_are_same(OfferPageStepDefinations.java:62)
at âœ½.validate whether both product names are same(file:///C:/Users/vikas/RahulShettyCucumber/CucumberAutomationFramework/src/test/java/Features/SearchPrdouct.feature:8)
]]>
            </full-stacktrace>
          </exception> <!-- java.lang.AssertionError -->
          <reporter-output>
          </reporter-output>
        </test-method> <!-- runScenario -->
        <test-method is-config="true" signature="tearDownClass()[pri:0, instance:CucumberOptions.FailedTestCases@40ef3420]" started-at="2022-07-15T20:22:45 EDT" name="tearDownClass" finished-at="2022-07-15T20:22:45 EDT" duration-ms="126" status="PASS">
          <reporter-output>
          </reporter-output>
        </test-method> <!-- tearDownClass -->
      </class> <!-- CucumberOptions.FailedTestCases -->
    </test> <!-- Default test -->
  </suite> <!-- Default suite -->
</testng-results>
